<?xml version="1.0" encoding="UTF-8"?>
<!-- Generated by org.testng.reporters.JUnitXMLReporter -->
<testsuite hostname="WL311273" ignored="0" name="Command line test" tests="7" failures="0" timestamp="2020-07-03T16:51:32 IST" time="94.876" errors="0">
  <testcase name="createPatientTest" time="0.002" classname="com.tieto.test.AddPatientTest"/>
  <testcase name="validCredentialTest" time="5.806" classname="com.tieto.test.LoginTest"/>
  <testcase name="validCredentialTest" time="5.048" classname="com.tieto.test.LoginTest"/>
  <testcase name="validCredentialTest" time="4.988" classname="com.tieto.test.LoginTest"/>
  <testcase name="validCredentialTest" time="4.802" classname="com.tieto.test.LoginTest"/>
  <testcase name="invalidCredentialTest" time="2.019" classname="com.tieto.test.LoginTest"/>
  <testcase name="invalidCredentialTest" time="1.931" classname="com.tieto.test.LoginTest"/>
</testsuite> <!-- Command line test -->
